<?xml version="1.0" encoding="UTF-8"?>
<testsuite xmlns:xsi="http://www.w3.org/2001/XMLSchema-instance" xsi:noNamespaceSchemaLocation="https://maven.apache.org/surefire/maven-surefire-plugin/xsd/surefire-test-report.xsd" version="3.0.2" name="com.app.ecom.EcomApplicationTests" time="16.824" tests="1" errors="0" skipped="0" failures="0" flakes="0">
  <properties>
[...]
</properties>
  <testcase name="contextLoads" classname="com.app.ecom.EcomApplicationTests" time="1.388">
    <system-out><![CDATA[23:43:59.426 [main] INFO org.springframework.test.context.support.AnnotationConfigContextLoaderUtils -- Could not detect default configuration classes for test class [com.app.ecom.EcomApplicationTests]: EcomApplicationTests does not declare any static, non-private, non-final, nested classes annotated with @Configuration.
23:43:59.761 [main] INFO org.springframework.boot.test.context.SpringBootTestContextBootstrapper -- Found @SpringBootConfiguration com.app.ecom.EcomApplication for test class com.app.ecom.EcomApplicationTests

  .   ____          _            __ _ _
 /\\ / ___'_ __ _ _(_)_ __  __ _ \ \ \ \
( ( )\___ | '_ | '_| | '_ \/ _` | \ \ \ \
 \\/  ___)| |_)| | | | | || (_| |  ) ) ) )
  '  |____| .__|_| |_|_| |_\__, | / / / /
 =========|_|==============|___/=/_/_/_/

 :: Spring Boot ::               (v3.5.12)

2026-03-26T23:44:01.492+05:30  INFO 5932 --- [ecom-application] [           main] com.app.ecom.EcomApplicationTests        : Starting EcomApplicationTests using Java 17.0.3.1 with PID 5932 (started by dell in D:\Education\10_JavaZone\SpringProjects\EmbarkX\Spring Boot Microservices Professional\ecom-application)
2026-03-26T23:44:01.498+05:30  INFO 5932 --- [ecom-application] [           main] com.app.ecom.EcomApplicationTests        : No active profile set, falling back to 1 default profile: "default"
2026-03-26T23:44:03.815+05:30  INFO 5932 --- [ecom-application] [           main] .s.d.r.c.RepositoryConfigurationDelegate : Bootstrapping Spring Data JPA repositories in DEFAULT mode.
2026-03-26T23:44:04.054+05:30  INFO 5932 --- [ecom-application] [           main] .s.d.r.c.RepositoryConfigurationDelegate : Finished Spring Data repository scanning in 204 ms. Found 4 JPA repository interfaces.
2026-03-26T23:44:05.333+05:30  INFO 5932 --- [ecom-application] [           main] o.hibernate.jpa.internal.util.LogHelper  : HHH000204: Processing PersistenceUnitInfo [name: default]
2026-03-26T23:44:05.579+05:30  INFO 5932 --- [ecom-application] [           main] org.hibernate.Version                    : HHH000412: Hibernate ORM core version 6.6.44.Final
2026-03-26T23:44:05.713+05:30  INFO 5932 --- [ecom-application] [           main] o.h.c.internal.RegionFactoryInitiator    : HHH000026: Second-level cache disabled
2026-03-26T23:44:06.577+05:30  INFO 5932 --- [ecom-application] [           main] o.s.o.j.p.SpringPersistenceUnitInfo      : No LoadTimeWeaver setup: ignoring JPA class transformer
2026-03-26T23:44:06.661+05:30  INFO 5932 --- [ecom-application] [           main] com.zaxxer.hikari.HikariDataSource       : HikariPool-1 - Starting...
2026-03-26T23:44:07.185+05:30  INFO 5932 --- [ecom-application] [           main] com.zaxxer.hikari.pool.HikariPool        : HikariPool-1 - Added connection conn0: url=jdbc:h2:mem:ecom user=SA
2026-03-26T23:44:07.190+05:30  INFO 5932 --- [ecom-application] [           main] com.zaxxer.hikari.HikariDataSource       : HikariPool-1 - Start completed.
2026-03-26T23:44:07.436+05:30  INFO 5932 --- [ecom-application] [           main] org.hibernate.orm.connections.pooling    : HHH10001005: Database info:
	Database JDBC URL [Connecting through datasource 'HikariDataSource (HikariPool-1)']
	Database driver: undefined/unknown
	Database version: 2.3.232
	Autocommit mode: undefined/unknown
	Isolation level: undefined/unknown
	Minimum pool size: undefined/unknown
	Maximum pool size: undefined/unknown
2026-03-26T23:44:10.107+05:30  INFO 5932 --- [ecom-application] [           main] o.h.e.t.j.p.i.JtaPlatformInitiator       : HHH000489: No JTA platform available (set 'hibernate.transaction.jta.platform' to enable JTA platform integration)
Hibernate: drop table if exists cart cascade 
Hibernate: drop table if exists order_item cascade 
Hibernate: drop table if exists orders cascade 
Hibernate: drop table if exists products cascade 
Hibernate: drop table if exists user_address cascade 
Hibernate: drop table if exists user_table cascade 
Hibernate: create table cart (price numeric(38,2), quantity integer, created_at timestamp(6), id bigint generated by default as identity, product_id bigint not null, updated_at timestamp(6), user_id bigint not null, primary key (id))
Hibernate: create table order_item (price numeric(38,2), quantity integer, id bigint generated by default as identity, order_id bigint not null, product_id bigint not null, primary key (id))
Hibernate: create table orders (total_amount numeric(38,2), created_at timestamp(6), id bigint generated by default as identity, update_at timestamp(6), user_id bigint not null, status enum ('CANCELLED','CONFIRM','DELEVERED','PENDING','SHIPPED'), primary key (id))
Hibernate: create table products (active boolean, price numeric(38,2), created_at timestamp(6), id bigint generated by default as identity, stock_quantity bigint, updated_at timestamp(6), category varchar(255), description varchar(255), image_url varchar(255), name varchar(255), primary key (id))
Hibernate: create table user_address (id bigint generated by default as identity, city varchar(255), country varchar(255), state varchar(255), street varchar(255), zipcode varchar(255), primary key (id))
Hibernate: create table user_table (role tinyint check (role between 0 and 1), address_id bigint unique, created_dtm timestamp(6), id bigint generated by default as identity, updated_dtm timestamp(6), email varchar(255), first_name varchar(255), last_name varchar(255), phone_num varchar(255), primary key (id))
Hibernate: alter table if exists cart add constraint FKpu4bcbluhsxagirmbdn7dilm5 foreign key (product_id) references products
Hibernate: alter table if exists cart add constraint FK9hx78ht3jdqa6qidu45xmd5bo foreign key (user_id) references user_table
Hibernate: alter table if exists order_item add constraint FKt4dc2r9nbvbujrljv3e23iibt foreign key (order_id) references orders
Hibernate: alter table if exists order_item add constraint FKc5uhmwioq5kscilyuchp4w49o foreign key (product_id) references products
Hibernate: alter table if exists orders add constraint FK8mburwc0vwu8tq9cq95kdnfcx foreign key (user_id) references user_table
Hibernate: alter table if exists user_table add constraint FKhny3iq3sa0g3soab5a78dd719 foreign key (address_id) references user_address
2026-03-26T23:44:10.396+05:30  INFO 5932 --- [ecom-application] [           main] j.LocalContainerEntityManagerFactoryBean : Initialized JPA EntityManagerFactory for persistence unit 'default'
2026-03-26T23:44:11.226+05:30  INFO 5932 --- [ecom-application] [           main] o.s.d.j.r.query.QueryEnhancerFactory     : Hibernate is in classpath; If applicable, HQL parser will be used.
2026-03-26T23:44:13.191+05:30  WARN 5932 --- [ecom-application] [           main] JpaBaseConfiguration$JpaWebConfiguration : spring.jpa.open-in-view is enabled by default. Therefore, database queries may be performed during view rendering. Explicitly configure spring.jpa.open-in-view to disable this warning
2026-03-26T23:44:13.992+05:30  INFO 5932 --- [ecom-application] [           main] o.s.b.a.h2.H2ConsoleAutoConfiguration    : H2 console available at '/h2-console'. Database available at 'jdbc:h2:mem:ecom'
2026-03-26T23:44:14.154+05:30  INFO 5932 --- [ecom-application] [           main] com.app.ecom.EcomApplicationTests        : Started EcomApplicationTests in 13.766 seconds (process running for 17.096)
]]></system-out>
  </testcase>
</testsuite>